<?xml version="1.0" encoding="UTF-8"?>
<testng-results ignored="0" total="1" passed="1" failed="0" skipped="0">
  <reporter-output>
  </reporter-output>
  <suite started-at="2024-03-06T10:41:29 IST" name="Default suite" finished-at="2024-03-06T10:41:37 IST" duration-ms="7492">
    <groups>
    </groups>
    <test started-at="2024-03-06T10:41:29 IST" name="Default test" finished-at="2024-03-06T10:41:37 IST" duration-ms="7492">
      <class name="Testpkg.Fblogincreatetest">
        <test-method is-config="true" signature="setup()[pri:0, instance:Testpkg.Fblogincreatetest@4efac082]" started-at="2024-03-06T10:41:29 IST" name="setup" finished-at="2024-03-06T10:41:34 IST" duration-ms="4582" status="PASS">
          <reporter-output>
          </reporter-output>
        </test-method> <!-- setup -->
        <test-method signature="testlogin()[pri:0, instance:Testpkg.Fblogincreatetest@4efac082]" started-at="2024-03-06T10:41:34 IST" name="testlogin" finished-at="2024-03-06T10:41:37 IST" duration-ms="2855" status="PASS">
          <reporter-output>
          </reporter-output>
        </test-method> <!-- testlogin -->
      </class> <!-- Testpkg.Fblogincreatetest -->
    </test> <!-- Default test -->
  </suite> <!-- Default suite -->
</testng-results>
